<?xml version="1.0" encoding="UTF-8"?>
<!-- Generated by org.testng.reporters.JUnitXMLReporter -->
<testsuite ignored="0" hostname="DESKTOP-K5DU2E2" failures="0" tests="5" name="Test" time="14.794" errors="0" timestamp="2022-11-17T17:29:07 IST">
  <testcase classname="swaglab.test.Login_Test" name="verifyTitle" time="0.169"/>
  <testcase classname="swaglab.test.Login_Test" name="wrongDatawithLogin" time="4.654"/>
  <testcase classname="swaglab.test.Login_Test" name="loginwithvaliddata" time="1.178"/>
  <testcase classname="swaglab.test.Login_Test" name="clickonmenubutton" time="0.194"/>
  <testcase classname="swaglab.test.Login_Test" name="clickonLogout" time="0.26"/>
</testsuite> <!-- Test -->
