<?xml version="1.0" encoding="UTF-8"?>
<!-- Generated by org.testng.reporters.JUnitXMLReporter -->
<testsuite ignored="0" hostname="DESKTOP-K5DU2E2" failures="0" tests="5" name="Default test" time="11.038" errors="0" timestamp="2022-11-16T17:12:50 IST">
  <testcase classname="swaglab.test.Login_Test" name="verifyTitle" time="0.023"/>
  <testcase classname="swaglab.test.Login_Test" name="wrongDatawithLogin" time="3.087"/>
  <testcase classname="swaglab.test.Login_Test" name="loginwithvaliddata" time="1.197"/>
  <testcase classname="swaglab.test.Login_Test" name="clickonmenubutton" time="0.254"/>
  <testcase classname="swaglab.test.Login_Test" name="clickonLogout" time="0.182"/>
</testsuite> <!-- Default test -->
