<?xml version="1.0" encoding="UTF-8"?>
<testng-results ignored="0" total="5" passed="5" failed="0" skipped="0">
  <reporter-output>
  </reporter-output>
  <suite started-at="2022-11-17T17:28:52 IST" name="Swaglabs" finished-at="2022-11-17T17:29:07 IST" duration-ms="14794">
    <groups>
    </groups>
    <test started-at="2022-11-17T17:28:52 IST" name="Test" finished-at="2022-11-17T17:29:07 IST" duration-ms="14794">
      <class name="swaglab.test.Login_Test">
        <test-method is-config="true" signature="getLaunchswaglab()[pri:0, instance:swaglab.test.Login_Test@2e48362c]" started-at="2022-11-17T17:28:52 IST" name="getLaunchswaglab" finished-at="2022-11-17T17:29:00 IST" duration-ms="7780" status="PASS">
          <reporter-output>
          </reporter-output>
        </test-method> <!-- getLaunchswaglab -->
        <test-method signature="verifyTitle()[pri:1, instance:swaglab.test.Login_Test@2e48362c]" started-at="2022-11-17T17:29:00 IST" name="verifyTitle" finished-at="2022-11-17T17:29:00 IST" duration-ms="169" status="PASS">
          <reporter-output>
          </reporter-output>
        </test-method> <!-- verifyTitle -->
        <test-method signature="wrongDatawithLogin()[pri:2, instance:swaglab.test.Login_Test@2e48362c]" started-at="2022-11-17T17:29:01 IST" name="wrongDatawithLogin" finished-at="2022-11-17T17:29:05 IST" duration-ms="4654" status="PASS">
          <reporter-output>
          </reporter-output>
        </test-method> <!-- wrongDatawithLogin -->
        <test-method signature="loginwithvaliddata()[pri:3, instance:swaglab.test.Login_Test@2e48362c]" started-at="2022-11-17T17:29:05 IST" name="loginwithvaliddata" finished-at="2022-11-17T17:29:07 IST" duration-ms="1178" status="PASS">
          <reporter-output>
          </reporter-output>
        </test-method> <!-- loginwithvaliddata -->
        <test-method signature="clickonmenubutton()[pri:4, instance:swaglab.test.Login_Test@2e48362c]" started-at="2022-11-17T17:29:07 IST" name="clickonmenubutton" finished-at="2022-11-17T17:29:07 IST" duration-ms="194" status="PASS">
          <reporter-output>
          </reporter-output>
        </test-method> <!-- clickonmenubutton -->
        <test-method signature="clickonLogout()[pri:5, instance:swaglab.test.Login_Test@2e48362c]" started-at="2022-11-17T17:29:07 IST" name="clickonLogout" finished-at="2022-11-17T17:29:07 IST" duration-ms="260" status="PASS">
          <reporter-output>
          </reporter-output>
        </test-method> <!-- clickonLogout -->
      </class> <!-- swaglab.test.Login_Test -->
    </test> <!-- Test -->
  </suite> <!-- Swaglabs -->
</testng-results>
