<?xml version="1.0" encoding="UTF-8"?>
<!-- Generated by org.testng.reporters.JUnitXMLReporter -->
<testsuite ignored="0" hostname="DESKTOP-K5DU2E2" failures="0" tests="5" name="Test" time="14.943" errors="0" timestamp="2022-11-18T16:07:56 IST">
  <testcase classname="swaglab.test.Login_Test" name="verifyTitle" time="0.124"/>
  <testcase classname="swaglab.test.Login_Test" name="wrongDatawithLogin" time="2.582"/>
  <testcase classname="swaglab.test.Login_Test" name="loginwithvaliddata" time="1.609"/>
  <testcase classname="swaglab.test.Login_Test" name="clickonmenubutton" time="0.099"/>
  <testcase classname="swaglab.test.Login_Test" name="clickonLogout" time="0.184"/>
</testsuite> <!-- Test -->
